<?xml version="1.0" encoding="UTF-8"?>
<!-- Generated by org.testng.reporters.JUnitReportReporter -->
<testsuite hostname="DESKTOP-V52ARRS" failures="0" tests="1" name="test.Test_Class" time="40.335" errors="0" timestamp="2024-11-17T06:24:36 IST" skipped="0">
  <testcase classname="test.Test_Class" name="test" time="40.335"/>
  <system-out/>
</testsuite> <!-- test.Test_Class -->
